2023-02-05T23:00:57.108545+0700 - DEBUG - Не верный ввод пользователем
2023-02-05T23:01:02.231926+0700 - DEBUG - Пользователь ввел  + 
2023-02-05T23:01:05.258047+0700 - DEBUG - Пользователь ввел  +  - 
2023-02-06T13:36:17.393434+0700 - DEBUG - Не верный ввод пользователем
2023-02-06T13:37:41.449286+0700 - DEBUG - Не верный ввод пользователем
2023-02-06T13:37:53.336784+0700 - DEBUG - Не верный ввод пользователем
2023-02-06T13:50:54.256950+0700 - DEBUG - Пользователь ввел  + 1
2023-02-06T13:51:59.576901+0700 - DEBUG - Пользователь ввел 1
2023-02-06T13:52:07.888882+0700 - DEBUG - Пользователь ввел 14
2023-02-06T13:53:16.584272+0700 - DEBUG - Пользователь ввел 4
2023-02-06T13:53:27.377707+0700 - DEBUG - Пользователь ввел 45
2023-02-06T13:54:19.188197+0700 - DEBUG - Пользователь ввел 1
2023-02-06T13:54:20.998167+0700 - DEBUG - Пользователь ввел 15
2023-02-06T19:06:39.147439+0700 - DEBUG - Не верный ввод пользователем
2023-02-06T19:19:46.407776+0700 - DEBUG - Пользователь ввел 1
2023-02-06T19:19:48.257044+0700 - DEBUG - Пользователь ввел 12
2023-02-06T19:21:53.604043+0700 - DEBUG - Пользователь ввел 2
2023-02-06T19:21:54.637050+0700 - DEBUG - Пользователь ввел 23
2023-02-06T19:21:55.604977+0700 - DEBUG - Пользователь ввел 234
2023-02-06T19:21:55.986230+0700 - DEBUG - Пользователь ввел 2345
2023-02-06T19:22:52.068434+0700 - DEBUG - Пользователь ввел 1
2023-02-06T19:24:03.848102+0700 - DEBUG - Пользователь ввел 1
2023-02-06T19:24:35.255106+0700 - DEBUG - Пользователь ввел 3
2023-02-06T19:28:44.111248+0700 - DEBUG - Пользователь ввел 1
2023-02-06T19:28:45.693094+0700 - DEBUG - Пользователь ввел 15
2023-02-06T19:28:47.200602+0700 - DEBUG - Пользователь ввел 154
2023-02-06T19:31:20.564130+0700 - DEBUG - Пользователь ввел 4
2023-02-06T19:31:22.289944+0700 - DEBUG - Пользователь ввел 45
2023-02-06T19:31:24.289058+0700 - DEBUG - Пользователь ввел 452
2023-02-06T19:31:24.626489+0700 - DEBUG - Пользователь ввел 4523
2023-02-06T19:31:25.085974+0700 - DEBUG - Пользователь ввел 45236
2023-02-06T19:34:28.450336+0700 - DEBUG - Пользователь ввел 2
2023-02-06T19:34:29.519415+0700 - DEBUG - Пользователь ввел 25
2023-02-06T19:34:30.413270+0700 - DEBUG - Пользователь ввел 256
2023-02-06T19:40:41.371691+0700 - DEBUG - Пользователь ввел 4
2023-02-06T19:40:42.874737+0700 - DEBUG - Пользователь ввел 45
2023-02-06T19:40:43.830856+0700 - DEBUG - Пользователь ввел 456
2023-02-06T19:42:11.582217+0700 - DEBUG - Пользователь ввел 8
2023-02-06T19:42:13.505958+0700 - DEBUG - Пользователь ввел 82
2023-02-06T19:42:14.503043+0700 - DEBUG - Пользователь ввел 824
2023-02-06T19:42:16.060536+0700 - DEBUG - Пользователь ввел 8248
2023-02-06T19:42:20.197699+0700 - DEBUG - Пользователь ввел 824898
2023-02-06T19:42:49.365045+0700 - DEBUG - Пользователь ввел 2
2023-02-06T19:42:49.366045+0700 - DEBUG - Не верный ввод пользователем
2023-02-06T19:42:51.498767+0700 - DEBUG - Пользователь ввел 28
2023-02-06T19:42:51.499770+0700 - DEBUG - Не верный ввод пользователем
2023-02-06T19:47:17.662051+0700 - DEBUG - Ход: 0, board: ['❤', 'X', '❤', '❤', '❤', '❤', '❤', '❤', '❤']
2023-02-06T19:47:18.042063+0700 - DEBUG - Пользователь ввел 1
2023-02-06T19:47:18.043122+0700 - DEBUG - Не верный ввод пользователем
2023-02-06T19:48:47.766597+0700 - DEBUG - Ход: 0, board: ['❤', 'X', '❤', '❤', '❤', '❤', '❤', '❤', '❤']
2023-02-06T19:48:48.065932+0700 - DEBUG - Пользователь ввел 1
2023-02-06T19:48:48.066934+0700 - DEBUG - Не верный ввод пользователем
2023-02-06T19:48:49.428278+0700 - DEBUG - Ход: 0, board: ['❤', 'X', '❤', '❤', '❤', '❤', '❤', 'X', '❤']
2023-02-06T19:48:49.703042+0700 - DEBUG - Пользователь ввел 17
2023-02-06T19:48:49.704043+0700 - DEBUG - Не верный ввод пользователем
2023-02-06T19:49:10.446092+0700 - DEBUG - Ход: 0, board: ['❤', 'X', '❤', '❤', '❤', '❤', 'X', 'X', '❤']
2023-02-06T19:49:10.722177+0700 - DEBUG - Пользователь ввел 176
2023-02-06T19:49:10.723042+0700 - DEBUG - Не верный ввод пользователем
2023-02-06T19:49:38.031919+0700 - DEBUG - Ход: 0, board: ['❤', 'X', '❤', '❤', '❤', '❤', 'X', 'X', '❤']
2023-02-06T19:49:38.296215+0700 - DEBUG - Пользователь ввел 1761
2023-02-06T19:49:38.297216+0700 - DEBUG - Не верный ввод пользователем
2023-02-06T19:53:44.770335+0700 - DEBUG - Ход: 0, board: ['❤', 'X', '❤', '❤', '❤', '❤', '❤', '❤', '❤']
2023-02-06T19:53:45.026084+0700 - DEBUG - Пользователь ввел 1
2023-02-06T19:53:46.129505+0700 - DEBUG - Ход: 0, board: ['❤', 'X', 'X', '❤', '❤', '❤', '❤', '❤', '❤']
2023-02-06T19:53:46.404106+0700 - DEBUG - Пользователь ввел 12
2023-02-06T19:53:47.355450+0700 - DEBUG - Ход: 0, board: ['❤', 'X', 'X', 'X', '❤', '❤', '❤', '❤', '❤']
2023-02-06T19:53:47.607782+0700 - DEBUG - Пользователь ввел 123
